<?xml version="1.0" encoding="UTF-8"?>
<testsuite name="com.dsu_review_api.DsuReviewApiApplicationTests" tests="1" skipped="0" failures="0" errors="0" timestamp="2024-06-30T04:53:10" hostname="gimgangmin-ui-MacBookPro.local" time="0.271">
  <properties/>
  <testcase name="contextLoads()" classname="com.dsu_review_api.DsuReviewApiApplicationTests" time="0.271"/>
  <system-out><![CDATA[13:53:05.353 [Test worker] INFO org.springframework.test.context.support.AnnotationConfigContextLoaderUtils -- Could not detect default configuration classes for test class [com.dsu_review_api.DsuReviewApiApplicationTests]: DsuReviewApiApplicationTests does not declare any static, non-private, non-final, nested classes annotated with @Configuration.
13:53:05.407 [Test worker] INFO org.springframework.boot.test.context.SpringBootTestContextBootstrapper -- Found @SpringBootConfiguration com.dsu_review_api.DsuReviewApiApplication for test class com.dsu_review_api.DsuReviewApiApplicationTests

  .   ____          _            __ _ _
 /\\ / ___'_ __ _ _(_)_ __  __ _ \ \ \ \
( ( )\___ | '_ | '_| | '_ \/ _` | \ \ \ \
 \\/  ___)| |_)| | | | | || (_| |  ) ) ) )
  '  |____| .__|_| |_|_| |_\__, | / / / /
 =========|_|==============|___/=/_/_/_/
 :: Spring Boot ::                (v3.2.0)

2024-06-30T13:53:05.583+09:00  INFO 2832 --- [    Test worker] c.d.DsuReviewApiApplicationTests         : Starting DsuReviewApiApplicationTests using Java 17.0.7 with PID 2832 (started by amazon in /Users/amazon/lunch/spring/수업리뷰사이트배포/dsu_review_api)
2024-06-30T13:53:05.584+09:00  INFO 2832 --- [    Test worker] c.d.DsuReviewApiApplicationTests         : No active profile set, falling back to 1 default profile: "default"
2024-06-30T13:53:05.971+09:00  INFO 2832 --- [    Test worker] .s.d.r.c.RepositoryConfigurationDelegate : Bootstrapping Spring Data JPA repositories in DEFAULT mode.
2024-06-30T13:53:06.004+09:00  INFO 2832 --- [    Test worker] .s.d.r.c.RepositoryConfigurationDelegate : Finished Spring Data repository scanning in 29 ms. Found 8 JPA repository interfaces.
2024-06-30T13:53:06.219+09:00  INFO 2832 --- [    Test worker] o.hibernate.jpa.internal.util.LogHelper  : HHH000204: Processing PersistenceUnitInfo [name: default]
2024-06-30T13:53:06.247+09:00  INFO 2832 --- [    Test worker] org.hibernate.Version                    : HHH000412: Hibernate ORM core version 6.3.1.Final
2024-06-30T13:53:06.267+09:00  INFO 2832 --- [    Test worker] o.h.c.internal.RegionFactoryInitiator    : HHH000026: Second-level cache disabled
2024-06-30T13:53:06.378+09:00  INFO 2832 --- [    Test worker] o.s.o.j.p.SpringPersistenceUnitInfo      : No LoadTimeWeaver setup: ignoring JPA class transformer
2024-06-30T13:53:06.390+09:00  INFO 2832 --- [    Test worker] com.zaxxer.hikari.HikariDataSource       : HikariPool-1 - Starting...
2024-06-30T13:53:08.610+09:00  INFO 2832 --- [    Test worker] com.zaxxer.hikari.pool.HikariPool        : HikariPool-1 - Added connection com.mysql.cj.jdbc.ConnectionImpl@393ae7a0
2024-06-30T13:53:08.611+09:00  INFO 2832 --- [    Test worker] com.zaxxer.hikari.HikariDataSource       : HikariPool-1 - Start completed.
2024-06-30T13:53:08.806+09:00  WARN 2832 --- [    Test worker] org.hibernate.mapping.RootClass          : HHH000038: Composite-id class does not override equals(): com.dsu_review_api.domain.User_lec_list
2024-06-30T13:53:08.806+09:00  WARN 2832 --- [    Test worker] org.hibernate.mapping.RootClass          : HHH000039: Composite-id class does not override hashCode(): com.dsu_review_api.domain.User_lec_list
2024-06-30T13:53:09.105+09:00  INFO 2832 --- [    Test worker] o.h.e.t.j.p.i.JtaPlatformInitiator       : HHH000489: No JTA platform available (set 'hibernate.transaction.jta.platform' to enable JTA platform integration)
2024-06-30T13:53:09.627+09:00  INFO 2832 --- [    Test worker] j.LocalContainerEntityManagerFactoryBean : Initialized JPA EntityManagerFactory for persistence unit 'default'
2024-06-30T13:53:09.783+09:00  INFO 2832 --- [    Test worker] o.s.d.j.r.query.QueryEnhancerFactory     : Hibernate is in classpath; If applicable, HQL parser will be used.
2024-06-30T13:53:10.211+09:00  WARN 2832 --- [    Test worker] JpaBaseConfiguration$JpaWebConfiguration : spring.jpa.open-in-view is enabled by default. Therefore, database queries may be performed during view rendering. Explicitly configure spring.jpa.open-in-view to disable this warning
2024-06-30T13:53:10.773+09:00  INFO 2832 --- [    Test worker] c.d.DsuReviewApiApplicationTests         : Started DsuReviewApiApplicationTests in 5.29 seconds (process running for 5.848)
]]></system-out>
  <system-err><![CDATA[]]></system-err>
</testsuite>
